<?xml version="1.0" encoding="UTF-8"?>
<!-- Generated by org.testng.reporters.JUnitXMLReporter -->
<testsuite ignored="0" hostname="DESKTOP-MBMFGHJ" failures="0" tests="3" name="Default test" time="4.963" errors="0" timestamp="2024-06-22T23:20:42 EEST">
  <testcase classname="almosafer.myTestCases" name="TestContactNumber" time="0.101"/>
  <testcase classname="almosafer.myTestCases" name="TestTheCurrencyIsSAR" time="0.096"/>
  <testcase classname="almosafer.myTestCases" name="TestTheLanguage" time="0.205"/>
</testsuite> <!-- Default test -->
