<?xml version="1.0" encoding="UTF-8"?>
<testng-results ignored="0" total="11" passed="11" failed="0" skipped="0">
  <reporter-output>
  </reporter-output>
  <suite started-at="2024-07-09T15:00:58 EEST" name="Default suite" finished-at="2024-07-09T15:01:27 EEST" duration-ms="28904">
    <groups>
    </groups>
    <test started-at="2024-07-09T15:00:58 EEST" name="Default test" finished-at="2024-07-09T15:01:27 EEST" duration-ms="28904">
      <class name="almosafer.myTestCases">
        <test-method is-config="true" signature="setUp()[pri:0, instance:almosafer.myTestCases@4b741d6d]" started-at="2024-07-09T15:00:51 EEST" name="setUp" finished-at="2024-07-09T15:00:58 EEST" duration-ms="6496" status="PASS">
          <reporter-output>
          </reporter-output>
        </test-method> <!-- setUp -->
        <test-method is-config="true" signature="mySetup()[pri:0, instance:almosafer.myTestCases@4b741d6d]" started-at="2024-07-09T15:00:58 EEST" name="mySetup" finished-at="2024-07-09T15:01:02 EEST" duration-ms="3900" status="PASS">
          <reporter-output>
          </reporter-output>
        </test-method> <!-- mySetup -->
        <test-method signature="CheckTheLanguage()[pri:1, instance:almosafer.myTestCases@4b741d6d]" started-at="2024-07-09T15:01:02 EEST" name="CheckTheLanguage" description="MainPageTest" finished-at="2024-07-09T15:01:02 EEST" duration-ms="86" status="PASS">
          <reporter-output>
          </reporter-output>
        </test-method> <!-- CheckTheLanguage -->
        <test-method signature="CheckTheCurrencyIsSAR()[pri:2, instance:almosafer.myTestCases@4b741d6d]" started-at="2024-07-09T15:01:02 EEST" name="CheckTheCurrencyIsSAR" description="MainPageTest" finished-at="2024-07-09T15:01:02 EEST" duration-ms="89" status="PASS">
          <reporter-output>
          </reporter-output>
        </test-method> <!-- CheckTheCurrencyIsSAR -->
        <test-method signature="CheckContactNumber()[pri:3, instance:almosafer.myTestCases@4b741d6d]" started-at="2024-07-09T15:01:02 EEST" name="CheckContactNumber" description="MainPageTest" finished-at="2024-07-09T15:01:02 EEST" duration-ms="54" status="PASS">
          <reporter-output>
          </reporter-output>
        </test-method> <!-- CheckContactNumber -->
        <test-method signature="checkQitafLogoIsDisplayed()[pri:4, instance:almosafer.myTestCases@4b741d6d]" started-at="2024-07-09T15:01:02 EEST" name="checkQitafLogoIsDisplayed" description="MainPageTest" finished-at="2024-07-09T15:01:02 EEST" duration-ms="229" status="PASS">
          <reporter-output>
          </reporter-output>
        </test-method> <!-- checkQitafLogoIsDisplayed -->
        <test-method signature="checkHotelTabIsNotSelected()[pri:5, instance:almosafer.myTestCases@4b741d6d]" started-at="2024-07-09T15:01:02 EEST" name="checkHotelTabIsNotSelected" description="MainPageTest" finished-at="2024-07-09T15:01:03 EEST" duration-ms="967" status="PASS">
          <reporter-output>
          </reporter-output>
        </test-method> <!-- checkHotelTabIsNotSelected -->
        <test-method signature="checkDepatureAndReturnDate()[pri:6, instance:almosafer.myTestCases@4b741d6d]" started-at="2024-07-09T15:01:03 EEST" name="checkDepatureAndReturnDate" description="MainPageTest" finished-at="2024-07-09T15:01:04 EEST" duration-ms="238" status="PASS">
          <reporter-output>
          </reporter-output>
        </test-method> <!-- checkDepatureAndReturnDate -->
        <test-method signature="changeTheLanguageOfTheWebsiteRandomly()[pri:7, instance:almosafer.myTestCases@4b741d6d]" started-at="2024-07-09T15:01:04 EEST" name="changeTheLanguageOfTheWebsiteRandomly" description="MainPageTest" finished-at="2024-07-09T15:01:04 EEST" duration-ms="799" status="PASS">
          <reporter-output>
          </reporter-output>
        </test-method> <!-- changeTheLanguageOfTheWebsiteRandomly -->
        <test-method signature="HotelSelection()[pri:8, instance:almosafer.myTestCases@4b741d6d]" started-at="2024-07-09T15:01:04 EEST" name="HotelSelection" description="HotelPageTest" finished-at="2024-07-09T15:01:05 EEST" duration-ms="855" status="PASS">
          <reporter-output>
          </reporter-output>
        </test-method> <!-- HotelSelection -->
        <test-method signature="selectNumberOfPeople()[pri:9, instance:almosafer.myTestCases@4b741d6d]" started-at="2024-07-09T15:01:05 EEST" name="selectNumberOfPeople" description="HotelPageTest" finished-at="2024-07-09T15:01:12 EEST" duration-ms="6382" status="PASS">
          <reporter-output>
          </reporter-output>
        </test-method> <!-- selectNumberOfPeople -->
        <test-method signature="checkThePageISFullyLoaded()[pri:10, instance:almosafer.myTestCases@4b741d6d]" started-at="2024-07-09T15:01:12 EEST" name="checkThePageISFullyLoaded" description="HotelPageTest" finished-at="2024-07-09T15:01:24 EEST" duration-ms="11964" status="PASS">
          <reporter-output>
          </reporter-output>
        </test-method> <!-- checkThePageISFullyLoaded -->
        <test-method signature="sortItems()[pri:11, instance:almosafer.myTestCases@4b741d6d]" started-at="2024-07-09T15:01:24 EEST" name="sortItems" description="HotelPageTest" finished-at="2024-07-09T15:01:27 EEST" duration-ms="3202" status="PASS">
          <reporter-output>
          </reporter-output>
        </test-method> <!-- sortItems -->
        <test-method is-config="true" signature="tearDown()[pri:0, instance:almosafer.myTestCases@4b741d6d]" started-at="2024-07-09T15:01:27 EEST" name="tearDown" finished-at="2024-07-09T15:01:27 EEST" duration-ms="338" status="PASS">
          <reporter-output>
          </reporter-output>
        </test-method> <!-- tearDown -->
      </class> <!-- almosafer.myTestCases -->
    </test> <!-- Default test -->
  </suite> <!-- Default suite -->
</testng-results>
